viva_ghana_shops/build/app/intermediates/manifest_merge_blame_file/release/manifest-merger-blame-release-report.txt
1<?xml version="1.0" encoding="utf-8"?>
2<manifest xmlns:android="http://schemas.android.com/apk/res/android"
3    package="com.Unilife.viva_gate_shops"
4    android:versionCode="4"
5    android:versionName="4.0.0" >
6
7    <uses-sdk
8        android:minSdkVersion="21"
8-->src\main\AndroidManifest.xml
9        android:targetSdkVersion="31" />
9-->src\main\AndroidManifest.xml
10    <!-- Although the *SdkVersion is captured in gradle build files, this is required for non gradle builds -->
11    <!-- <uses-sdk android:minSdkVersion="14" /> -->
12    <uses-permission android:name="android.permission.ACCESS_NETWORK_STATE" />
12-->[com.google.firebase:firebase-firestore:24.5.0] AndroidManifest.xml:12:5-79
12-->[com.google.firebase:firebase-firestore:24.5.0] AndroidManifest.xml:12:22-76
13    <uses-permission android:name="android.permission.INTERNET" />
13-->[com.google.firebase:firebase-firestore:24.5.0] AndroidManifest.xml:13:5-67
13-->[com.google.firebase:firebase-firestore:24.5.0] AndroidManifest.xml:13:22-64
14
15    <application
16        android:name="android.app.Application"
16-->src\main\AndroidManifest.xml:5:9-42
17        android:appComponentFactory="androidx.core.app.CoreComponentFactory"
17-->[androidx.core:core:1.6.0] AndroidManifest.xml:24:18-86
18        android:icon="@mipmap/ic_launcher"
18-->src\main\AndroidManifest.xml:6:9-43
19        android:label="Viva Ghana Shops" >
19-->src\main\AndroidManifest.xml:4:9-41
20        <activity
20-->src\main\AndroidManifest.xml:7:9-27:20
21            android:name="com.Unilife.viva_gate_shops.MainActivity"
21-->src\main\AndroidManifest.xml:8:13-41
22            android:configChanges="orientation|keyboardHidden|keyboard|screenSize|smallestScreenSize|locale|layoutDirection|fontScale|screenLayout|density|uiMode"
22-->src\main\AndroidManifest.xml:12:13-163
23            android:exported="true"
23-->src\main\AndroidManifest.xml:9:13-36
24            android:hardwareAccelerated="true"
24-->src\main\AndroidManifest.xml:13:13-47
25            android:launchMode="singleTop"
25-->src\main\AndroidManifest.xml:10:13-43
26            android:theme="@style/LaunchTheme"
26-->src\main\AndroidManifest.xml:11:13-47
27            android:windowSoftInputMode="adjustResize" >
27-->src\main\AndroidManifest.xml:14:13-55
28
29            <!--
30                 Specifies an Android theme to apply to this Activity as soon as
31                 the Android process has started. This theme is visible to the user
32                 while the Flutter UI initializes. After that, this theme continues
33                 to determine the Window background behind the Flutter UI.
34            -->
35            <meta-data
35-->src\main\AndroidManifest.xml:19:13-22:17
36                android:name="io.flutter.embedding.android.NormalTheme"
36-->src\main\AndroidManifest.xml:20:15-70
37                android:resource="@style/NormalTheme" />
37-->src\main\AndroidManifest.xml:21:15-52
38
39            <intent-filter>
39-->src\main\AndroidManifest.xml:23:13-26:29
40                <action android:name="android.intent.action.MAIN" />
40-->src\main\AndroidManifest.xml:24:17-68
40-->src\main\AndroidManifest.xml:24:25-66
41
42                <category android:name="android.intent.category.LAUNCHER" />
42-->src\main\AndroidManifest.xml:25:17-76
42-->src\main\AndroidManifest.xml:25:27-74
43            </intent-filter>
44        </activity>
45        <!--
46             Don't delete the meta-data below.
47             This is used by the Flutter tool to generate GeneratedPluginRegistrant.java
48        -->
49        <meta-data
49-->src\main\AndroidManifest.xml:30:9-32:33
50            android:name="flutterEmbedding"
50-->src\main\AndroidManifest.xml:31:13-44
51            android:value="2" />
51-->src\main\AndroidManifest.xml:32:13-30
52
53        <service
53-->[:cloud_firestore] AndroidManifest.xml:10:9-14:19
54            android:name="com.google.firebase.components.ComponentDiscoveryService"
54-->[:cloud_firestore] AndroidManifest.xml:10:18-89
55            android:directBootAware="true"
55-->[com.google.firebase:firebase-common:20.3.2] AndroidManifest.xml:34:13-43
56            android:exported="false" >
56-->[com.google.firebase:firebase-firestore:24.5.0] AndroidManifest.xml:18:13-37
57            <meta-data
57-->[:cloud_firestore] AndroidManifest.xml:11:13-13:85
58                android:name="com.google.firebase.components:io.flutter.plugins.firebase.firestore.FlutterFirebaseFirestoreRegistrar"
58-->[:cloud_firestore] AndroidManifest.xml:12:17-134
59                android:value="com.google.firebase.components.ComponentRegistrar" />
59-->[:cloud_firestore] AndroidManifest.xml:13:17-82
60            <meta-data
60-->[:firebase_core] AndroidManifest.xml:11:13-13:85
61                android:name="com.google.firebase.components:io.flutter.plugins.firebase.core.FlutterFirebaseCoreRegistrar"
61-->[:firebase_core] AndroidManifest.xml:12:17-124
62                android:value="com.google.firebase.components.ComponentRegistrar" />
62-->[:firebase_core] AndroidManifest.xml:13:17-82
63            <meta-data
63-->[com.google.firebase:firebase-firestore:24.5.0] AndroidManifest.xml:19:13-21:85
64                android:name="com.google.firebase.components:com.google.firebase.firestore.FirestoreRegistrar"
64-->[com.google.firebase:firebase-firestore:24.5.0] AndroidManifest.xml:20:17-111
65                android:value="com.google.firebase.components.ComponentRegistrar" />
65-->[com.google.firebase:firebase-firestore:24.5.0] AndroidManifest.xml:21:17-82
66        </service>
67
68        <uses-library
68-->[androidx.window:window:1.0.0-beta04] AndroidManifest.xml:25:9-27:40
69            android:name="androidx.window.extensions"
69-->[androidx.window:window:1.0.0-beta04] AndroidManifest.xml:26:13-54
70            android:required="false" />
70-->[androidx.window:window:1.0.0-beta04] AndroidManifest.xml:27:13-37
71        <uses-library
71-->[androidx.window:window:1.0.0-beta04] AndroidManifest.xml:28:9-30:40
72            android:name="androidx.window.sidecar"
72-->[androidx.window:window:1.0.0-beta04] AndroidManifest.xml:29:13-51
73            android:required="false" />
73-->[androidx.window:window:1.0.0-beta04] AndroidManifest.xml:30:13-37
74
75        <provider
75-->[com.google.firebase:firebase-common:20.3.2] AndroidManifest.xml:25:9-30:39
76            android:name="com.google.firebase.provider.FirebaseInitProvider"
76-->[com.google.firebase:firebase-common:20.3.2] AndroidManifest.xml:26:13-77
77            android:authorities="com.Unilife.viva_gate_shops.firebaseinitprovider"
77-->[com.google.firebase:firebase-common:20.3.2] AndroidManifest.xml:27:13-72
78            android:directBootAware="true"
78-->[com.google.firebase:firebase-common:20.3.2] AndroidManifest.xml:28:13-43
79            android:exported="false"
79-->[com.google.firebase:firebase-common:20.3.2] AndroidManifest.xml:29:13-37
80            android:initOrder="100" />
80-->[com.google.firebase:firebase-common:20.3.2] AndroidManifest.xml:30:13-36
81
82        <activity
82-->[com.google.android.gms:play-services-base:18.0.1] AndroidManifest.xml:20:9-22:45
83            android:name="com.google.android.gms.common.api.GoogleApiActivity"
83-->[com.google.android.gms:play-services-base:18.0.1] AndroidManifest.xml:20:19-85
84            android:exported="false"
84-->[com.google.android.gms:play-services-base:18.0.1] AndroidManifest.xml:22:19-43
85            android:theme="@android:style/Theme.Translucent.NoTitleBar" />
85-->[com.google.android.gms:play-services-base:18.0.1] AndroidManifest.xml:21:19-78
86
87        <meta-data
87-->[com.google.android.gms:play-services-basement:18.1.0] AndroidManifest.xml:21:9-23:69
88            android:name="com.google.android.gms.version"
88-->[com.google.android.gms:play-services-basement:18.1.0] AndroidManifest.xml:22:13-58
89            android:value="@integer/google_play_services_version" />
89-->[com.google.android.gms:play-services-basement:18.1.0] AndroidManifest.xml:23:13-66
90    </application>
91
92</manifest>